<?xml version="1.0" encoding="UTF-8"?>
<!-- Generated by org.testng.reporters.JUnitReportReporter -->
<testsuite hostname="E105459" name="testCases.FirstTestCase" tests="4" failures="0" timestamp="30 Jan 2017 05:27:35 GMT" time="21.960" errors="0">
  <testcase name="loadPage" time="13.239" classname="testCases.FirstTestCase"/>
  <testcase name="loadPage" time="2.732" classname="testCases.FirstTestCase"/>
  <testcase name="loadPage" time="5.977" classname="testCases.FirstTestCase"/>
  <testcase name="testGetTitle" time="0.012" classname="testCases.FirstTestCase"/>
</testsuite> <!-- testCases.FirstTestCase -->
