<?xml version="1.0" encoding="UTF-8"?>
<!-- Generated by org.testng.reporters.JUnitReportReporter -->
<testsuite hostname="E105459" name="archive.SignUpTest" tests="1" failures="0" timestamp="13 Jun 2017 14:30:32 GMT" time="26.948" errors="0">
  <testcase name="SignupTest" time="26.948" classname="archive.SignUpTest"/>
</testsuite> <!-- archive.SignUpTest -->
