<?xml version="1.0" encoding="UTF-8"?>
<!-- Generated by org.testng.reporters.JUnitReportReporter -->
<testsuite hostname="E105459" name="testCases.AmazonLoginTests" tests="4" failures="0" timestamp="1 Jul 2017 22:37:27 GMT" time="41.963" errors="0">
  <testcase name="testClickAcctLink" time="2.369" classname="testCases.AmazonLoginTests"/>
  <testcase name="loadPage" time="29.961" classname="testCases.AmazonLoginTests"/>
  <testcase name="testGetTitle" time="0.003" classname="testCases.AmazonLoginTests"/>
  <testcase name="testSearch" time="9.630" classname="testCases.AmazonLoginTests"/>
</testsuite> <!-- testCases.AmazonLoginTests -->
