<?xml version="1.0" encoding="UTF-8"?>
<!-- Generated by org.testng.reporters.JUnitReportReporter -->
<testsuite hostname="E105459" name="testCases.LoginTests" tests="3" failures="0" timestamp="7 Feb 2017 05:59:18 GMT" time="11.734" errors="0">
  <testcase name="testMainLoginPage" time="4.243" classname="testCases.LoginTests"/>
  <testcase name="testMainLoginPage" time="3.261" classname="testCases.LoginTests"/>
  <testcase name="loadPage" time="4.230" classname="testCases.LoginTests"/>
</testsuite> <!-- testCases.LoginTests -->
