<?xml version="1.0" encoding="UTF-8"?>
<!-- Generated by org.testng.reporters.JUnitReportReporter -->
<testsuite hostname="E105459" name="testCases.SignUpTest" tests="1" failures="0" timestamp="2 Feb 2017 00:32:51 GMT" time="9.010" errors="0">
  <testcase name="SignupPageTest" time="9.010" classname="testCases.SignUpTest"/>
</testsuite> <!-- testCases.SignUpTest -->
