<?xml version="1.0" encoding="UTF-8"?>
<!-- Generated by org.testng.reporters.JUnitReportReporter -->
<testsuite hostname="E105459" name="testCases.AmazonLoginTests" tests="2" failures="0" timestamp="30 Jan 2017 08:13:18 GMT" time="12.927" errors="0">
  <testcase name="loadPage" time="5.887" classname="testCases.AmazonLoginTests"/>
  <testcase name="testSearch" time="7.040" classname="testCases.AmazonLoginTests"/>
</testsuite> <!-- testCases.AmazonLoginTests -->
